app/build/intermediates/manifest_merge_blame_file/debug/manifest-merger-blame-debug-report.txt
1<?xml version="1.0" encoding="utf-8"?>
2<manifest xmlns:android="http://schemas.android.com/apk/res/android"
3    package="com.myinfosysprogram"
4    android:versionCode="1"
5    android:versionName="1.0" >
6
7    <uses-sdk
8        android:minSdkVersion="16"
8-->src\main\AndroidManifest.xml
9        android:targetSdkVersion="29" />
9-->src\main\AndroidManifest.xml
10
11    <uses-permission android:name="android.permission.INTERNET" />
11-->src\main\AndroidManifest.xml:5:5-67
11-->src\main\AndroidManifest.xml:5:22-64
12    <uses-permission android:name="android.permission.ACCESS_NETWORK_STATE" />
12-->src\main\AndroidManifest.xml:6:5-79
12-->src\main\AndroidManifest.xml:6:22-76
13
14    <application
14-->src\main\AndroidManifest.xml:8:5-31:19
15        android:name="com.myinfosysprogram.MyApplication"
15-->src\main\AndroidManifest.xml:8:18-47
16        android:allowBackup="true"
16-->src\main\AndroidManifest.xml:9:9-35
17        android:appComponentFactory="androidx.core.app.CoreComponentFactory"
17-->[androidx.core:core:1.2.0] AndroidManifest.xml:24:18-86
18        android:debuggable="true"
19        android:icon="@mipmap/ic_launcher"
19-->src\main\AndroidManifest.xml:10:9-43
20        android:label="@string/app_name"
20-->src\main\AndroidManifest.xml:11:9-41
21        android:roundIcon="@mipmap/ic_launcher_round"
21-->src\main\AndroidManifest.xml:12:9-54
22        android:supportsRtl="true"
22-->src\main\AndroidManifest.xml:13:9-35
23        android:theme="@style/AppTheme" >
23-->src\main\AndroidManifest.xml:14:9-40
24        <activity
24-->src\main\AndroidManifest.xml:16:9-26:20
25            android:name="com.myinfosysprogram.ui.splash.SplashActivity"
25-->src\main\AndroidManifest.xml:17:13-53
26            android:configChanges="orientation|screenSize|keyboardHidden"
26-->src\main\AndroidManifest.xml:20:13-74
27            android:label="@string/app_name"
27-->src\main\AndroidManifest.xml:18:13-45
28            android:theme="@style/AppTheme.NoActionBar" >
28-->src\main\AndroidManifest.xml:19:13-56
29            <intent-filter>
29-->src\main\AndroidManifest.xml:21:13-25:29
30                <action android:name="android.intent.action.MAIN" />
30-->src\main\AndroidManifest.xml:22:17-69
30-->src\main\AndroidManifest.xml:22:25-66
31
32                <category android:name="android.intent.category.LAUNCHER" />
32-->src\main\AndroidManifest.xml:24:17-77
32-->src\main\AndroidManifest.xml:24:27-74
33            </intent-filter>
34        </activity>
35        <activity
35-->src\main\AndroidManifest.xml:28:9-30:76
36            android:name="com.myinfosysprogram.ui.home.MainActivity"
36-->src\main\AndroidManifest.xml:28:19-55
37            android:configChanges="orientation|screenSize|keyboardHidden"
37-->src\main\AndroidManifest.xml:30:13-74
38            android:theme="@style/AppTheme.NoActionBar" />
38-->src\main\AndroidManifest.xml:29:13-56
39    </application>
40
41</manifest>